This is pdfTeX, Version 3.14159265-2.6-1.40.19 (TeX Live 2019/dev/Debian) (preloaded format=pdflatex 2019.3.5)  5 MAR 2019 11:57
entering extended mode
 restricted \write18 enabled.
 %&-line parsing enabled.
**titlepage.tex
(./titlepage.tex
LaTeX2e <2018-04-01> patch level 5

! LaTeX Error: Environment titlepage undefined.

See the LaTeX manual or LaTeX Companion for explanation.
Type  H <return>  for immediate help.
 ...                                              
                                                  
l.1 \begin{titlepage}
                      % Suppresses displaying the page number on the title p...

Your command was ignored.
Type  I <command> <return>  to replace it with another command,
or  <return>  to continue without it.


! LaTeX Error: Missing \begin{document}.

See the LaTeX manual or LaTeX Companion for explanation.
Type  H <return>  for immediate help.
 ...                                              
                                                  
l.4 	\center
             % Centre everything on the page
You're in trouble here.  Try typing  <return>  to proceed.
If that doesn't work, type  X <return>  to quit.


Overfull \hbox (20.0pt too wide) in paragraph at lines 4--4
[] 
 []

! Undefined control sequence.
<recently read> \large 
                       
l.12 	\textsc{\large Ludum}
                           \\[0.5cm] % Minor heading such as course title
The control sequence at the end of the top line
of your error message was never \def'ed. If you have
misspelled it (e.g., `\hobx'), type `I' and the correct
spelling (e.g., `I\hbox'). Otherwise just continue,
and I'll forget about whatever was undefined.


Overfull \hbox (32.81096pt too wide) in paragraph at lines 12--12
 \OT1/cmr/m/sc/10 Ludum 
 []

! Undefined control sequence.
l.20 	{\huge
            \bfseries How To Use Game Engine}\\[0.4cm] % Title of your document
The control sequence at the end of the top line
of your error message was never \def'ed. If you have
misspelled it (e.g., `\hobx'), type `I' and the correct
spelling (e.g., `I\hbox'). Otherwise just continue,
and I'll forget about whatever was undefined.


Overfull \hbox (22.736pt too wide) in paragraph at lines 20--20
 []\OT1/cmr/bx/n/10 How 
 []


Overfull \hbox (12.7916pt too wide) in paragraph at lines 20--20
 \OT1/cmr/bx/n/10 To 
 []


Overfull \hbox (18.65405pt too wide) in paragraph at lines 20--20
 \OT1/cmr/bx/n/10 Use 
 []


Overfull \hbox (29.48593pt too wide) in paragraph at lines 20--20
 \OT1/cmr/bx/n/10 Game 
 []


Overfull \hbox (17.77768pt too wide) in paragraph at lines 20--20
 \OT1/cmr/bx/n/10 En- 
 []


Overfull \hbox (20.60406pt too wide) in paragraph at lines 20--20
 \OT1/cmr/bx/n/10 gine 
 []

! Undefined control sequence.
l.40 	{\large
             \today} % Date, change the \today to a set date if you want to ...
The control sequence at the end of the top line
of your error message was never \def'ed. If you have
misspelled it (e.g., `\hobx'), type `I' and the correct
spelling (e.g., `I\hbox'). Otherwise just continue,
and I'll forget about whatever was undefined.

! Undefined control sequence.
l.40 	{\large\today
                   } % Date, change the \today to a set date if you want to ...
The control sequence at the end of the top line
of your error message was never \def'ed. If you have
misspelled it (e.g., `\hobx'), type `I' and the correct
spelling (e.g., `I\hbox'). Otherwise just continue,
and I'll forget about whatever was undefined.


! LaTeX Error: \begin{document} ended by \end{titlepage}.

See the LaTeX manual or LaTeX Companion for explanation.
Type  H <return>  for immediate help.
 ...                                              
                                                  
l.53 \end{titlepage}
                    
Your command was ignored.
Type  I <command> <return>  to replace it with another command,
or  <return>  to continue without it.

)
! Emergency stop.
<*> titlepage.tex
                 
*** (job aborted, no legal \end found)

 
Here is how much of TeX's memory you used:
 13 strings out of 494468
 219 string characters out of 6175061
 51895 words of memory out of 5000000
 3764 multiletter control sequences out of 15000+600000
 4249 words of font info for 16 fonts, out of 8000000 for 9000
 81 hyphenation exceptions out of 8191
 13i,1n,10p,159b,109s stack positions out of 5000i,500n,10000p,200000b,80000s
!  ==> Fatal error occurred, no output PDF file produced!
